info: Aug-09-2022 11:57:26: 	HTTP GET /css/adapt.css
info: Aug-09-2022 11:57:26: 	HTTP GET /font-awesome-4.5.0/css/font-awesome.min.css
info: Aug-09-2022 11:57:26: 	HTTP GET /modernizr.js
info: Aug-09-2022 11:57:26: 	HTTP GET /require.js
info: Aug-09-2022 11:57:26: 	HTTP GET /core/app.js
info: Aug-09-2022 11:57:26: 	HTTP GET /core/config.js
info: Aug-09-2022 11:57:27: 	HTTP GET /css/assets/adapt-learning-logo-outline.png
info: Aug-09-2022 11:57:27: 	HTTP GET /libraries/ace/ace.js
info: Aug-09-2022 11:57:27: 	HTTP GET /libraries/handlebars.js
info: Aug-09-2022 11:57:27: 	HTTP GET /libraries/jquery.js
info: Aug-09-2022 11:57:27: 	HTTP GET /libraries/imageReady.js
info: Aug-09-2022 11:57:27: 	HTTP GET /libraries/jquery.tagsinput.min.js
info: Aug-09-2022 11:57:27: 	HTTP GET /libraries/scrollTo.js
info: Aug-09-2022 11:57:27: 	HTTP GET /libraries/inview.js
info: Aug-09-2022 11:57:27: 	HTTP GET /libraries/jquery-ui.min.js
info: Aug-09-2022 11:57:27: 	HTTP GET /libraries/jquery.form.js
info: Aug-09-2022 11:57:27: 	HTTP GET /libraries/selectize/js/selectize.js
info: Aug-09-2022 11:57:27: 	HTTP GET /libraries/sweetalert.min.js
info: Aug-09-2022 11:57:27: 	HTTP GET /libraries/velocity.js
info: Aug-09-2022 11:57:27: 	HTTP GET /core/origin.js
info: Aug-09-2022 11:57:27: 	HTTP GET /core/router.js
info: Aug-09-2022 11:57:27: 	HTTP GET /core/helpers.js
info: Aug-09-2022 11:57:27: 	HTTP GET /core/permissions.js
info: Aug-09-2022 11:57:27: 	HTTP GET /core/constants.js
info: Aug-09-2022 11:57:27: 	HTTP GET /core/l10n.js
info: Aug-09-2022 11:57:27: 	HTTP GET /css/assets/favicon.png
info: Aug-09-2022 11:57:27: 	HTTP GET /templates/templates.js
info: Aug-09-2022 11:57:27: 	HTTP GET /libraries/underscore.js
info: Aug-09-2022 11:57:27: 	HTTP GET /libraries/moment.min.js
info: Aug-09-2022 11:57:27: 	HTTP GET /libraries/polyglot.min.js
info: Aug-09-2022 11:57:27: 	HTTP GET /libraries/backbone.js
info: Aug-09-2022 11:57:27: 	HTTP GET /config/config.json
info: Aug-09-2022 11:57:27: 	HTTP GET /lang/en
info: Aug-09-2022 11:57:27: 	HTTP GET /modules/modules.js
info: Aug-09-2022 11:57:27: 	HTTP GET /modules/actions/index.js
info: Aug-09-2022 11:57:27: 	HTTP GET /modules/assetManagement/index.js
info: Aug-09-2022 11:57:27: 	HTTP GET /modules/browserStorage/index.js
info: Aug-09-2022 11:57:27: 	HTTP GET /modules/colorLabel/index.js
info: Aug-09-2022 11:57:27: 	HTTP GET /modules/contextMenu/index.js
info: Aug-09-2022 11:57:27: 	HTTP GET /modules/contentPane/index.js
info: Aug-09-2022 11:57:27: 	HTTP GET /modules/editor/index.js
info: Aug-09-2022 11:57:27: 	HTTP GET /modules/filters/index.js
info: Aug-09-2022 11:57:27: 	HTTP GET /modules/frameworkImport/index.js
info: Aug-09-2022 11:57:27: 	HTTP GET /modules/globalMenu/index.js
info: Aug-09-2022 11:57:27: 	HTTP GET /modules/help/index.js
info: Aug-09-2022 11:57:27: 	HTTP GET /modules/location/index.js
info: Aug-09-2022 11:57:27: 	HTTP GET /modules/modal/index.js
info: Aug-09-2022 11:57:27: 	HTTP GET /modules/navigation/index.js
info: Aug-09-2022 11:57:27: 	HTTP GET /modules/notify/index.js
info: Aug-09-2022 11:57:27: 	HTTP GET /modules/options/index.js
info: Aug-09-2022 11:57:27: 	HTTP GET /modules/pluginManagement/index.js
info: Aug-09-2022 11:57:27: 	HTTP GET /modules/projects/index.js
info: Aug-09-2022 11:57:27: 	HTTP GET /modules/scaffold/index.js
info: Aug-09-2022 11:57:27: 	HTTP GET /modules/sidebar/index.js
info: Aug-09-2022 11:57:27: 	HTTP GET /modules/user/index.js
info: Aug-09-2022 11:57:27: 	HTTP GET /modules/userManagement/index.js
info: Aug-09-2022 11:57:27: 	HTTP GET /modules/actions/views/actionsView.js
info: Aug-09-2022 11:57:27: 	HTTP GET /modules/assetManagement/collections/assetCollection.js
info: Aug-09-2022 11:57:27: 	HTTP GET /modules/assetManagement/views/assetManagementNewAssetView.js
info: Aug-09-2022 11:57:27: 	HTTP GET /modules/assetManagement/views/assetManagementNewAssetSidebarView.js
info: Aug-09-2022 11:57:27: 	HTTP GET /modules/assetManagement/views/assetManagementSidebarView.js
info: Aug-09-2022 11:57:27: 	HTTP GET /modules/assetManagement/views/assetManagementView.js
info: Aug-09-2022 11:57:27: 	HTTP GET /modules/assetManagement/models/assetModel.js
info: Aug-09-2022 11:57:27: 	HTTP GET /core/collections/tagsCollection.js
info: Aug-09-2022 11:57:27: 	HTTP GET /modules/colorLabel/models/colors.js
info: Aug-09-2022 11:57:27: 	HTTP GET /modules/colorLabel/views/colorLabelPopupView.js
info: Aug-09-2022 11:57:27: 	HTTP GET /modules/contextMenu/views/contextMenuView.js
info: Aug-09-2022 11:57:27: 	HTTP GET /modules/contentPane/views/contentPaneView.js
info: Aug-09-2022 11:57:27: 	HTTP GET /modules/editor/global/editorDataLoader.js
info: Aug-09-2022 11:57:27: 	HTTP GET /modules/editor/article/index.js
info: Aug-09-2022 11:57:28: 	HTTP GET /modules/editor/block/index.js
info: Aug-09-2022 11:57:28: 	HTTP GET /modules/editor/component/index.js
info: Aug-09-2022 11:57:28: 	HTTP GET /modules/editor/config/index.js
info: Aug-09-2022 11:57:28: 	HTTP GET /modules/editor/contentObject/index.js
info: Aug-09-2022 11:57:28: 	HTTP GET /modules/editor/course/index.js
info: Aug-09-2022 11:57:28: 	HTTP GET /modules/editor/extensions/index.js
info: Aug-09-2022 11:57:28: 	HTTP GET /modules/editor/menuSettings/index.js
info: Aug-09-2022 11:57:28: 	HTTP GET /modules/editor/themeEditor/index.js
info: Aug-09-2022 11:57:28: 	HTTP GET /modules/filters/views/typeAheadView.js
info: Aug-09-2022 11:57:28: 	HTTP GET /modules/frameworkImport/views/frameworkImportView.js
info: Aug-09-2022 11:57:28: 	HTTP GET /modules/frameworkImport/views/frameworkImportSidebarView.js
info: Aug-09-2022 11:57:28: 	HTTP GET /modules/globalMenu/views/globalMenuView.js
info: Aug-09-2022 11:57:28: 	HTTP GET /modules/location/views/locationTitleView.js
info: Aug-09-2022 11:57:28: 	HTTP GET /modules/modal/views/modalView.js
info: Aug-09-2022 11:57:28: 	HTTP GET /modules/navigation/views/navigationView.js
info: Aug-09-2022 11:57:28: 	HTTP GET /modules/notify/plugins/alert/index.js
info: Aug-09-2022 11:57:28: 	HTTP GET /modules/notify/plugins/console/index.js
info: Aug-09-2022 11:57:28: 	HTTP GET /modules/notify/plugins/snackbar/index.js
info: Aug-09-2022 11:57:28: 	HTTP GET /modules/options/views/optionsView.js
info: Aug-09-2022 11:57:28: 	HTTP GET /modules/pluginManagement/views/pluginManagementView.js
info: Aug-09-2022 11:57:28: 	HTTP GET /modules/pluginManagement/views/pluginManagementUploadView.js
info: Aug-09-2022 11:57:28: 	HTTP GET /modules/pluginManagement/views/pluginManagementSidebarView.js
info: Aug-09-2022 11:57:28: 	HTTP GET /modules/pluginManagement/views/pluginManagementUploadSidebarView.js
info: Aug-09-2022 11:57:28: 	HTTP GET /modules/projects/views/projectsView.js
info: Aug-09-2022 11:57:28: 	HTTP GET /modules/projects/views/projectsSidebarView.js
info: Aug-09-2022 11:57:28: 	HTTP GET /modules/projects/collections/myProjectCollection.js
info: Aug-09-2022 11:57:28: 	HTTP GET /modules/projects/collections/sharedProjectCollection.js
info: Aug-09-2022 11:57:28: 	HTTP GET /modules/scaffold/schemas.js
info: Aug-09-2022 11:57:28: 	HTTP GET /modules/scaffold/backboneFormsOverrides.js
info: Aug-09-2022 11:57:28: 	HTTP GET /modules/scaffold/views/scaffoldAssetView.js
info: Aug-09-2022 11:57:28: 	HTTP GET /modules/scaffold/views/scaffoldAssetItemView.js
info: Aug-09-2022 11:57:28: 	HTTP GET /modules/scaffold/views/scaffoldCodeEditorView.js
info: Aug-09-2022 11:57:28: 	HTTP GET /modules/scaffold/views/scaffoldColourPickerView.js
info: Aug-09-2022 11:57:28: 	HTTP GET /modules/scaffold/views/scaffoldDisplayTitleView.js
info: Aug-09-2022 11:57:28: 	HTTP GET /modules/scaffold/views/scaffoldItemsModalView.js
info: Aug-09-2022 11:57:28: 	HTTP GET /modules/scaffold/views/scaffoldListView.js
info: Aug-09-2022 11:57:28: 	HTTP GET /modules/scaffold/views/scaffoldTagsView.js
info: Aug-09-2022 11:57:28: 	HTTP GET /modules/scaffold/views/scaffoldUsersView.js
info: Aug-09-2022 11:57:28: 	HTTP GET /libraries/backbone-forms.js
info: Aug-09-2022 11:57:28: 	HTTP GET /modules/sidebar/views/sidebarView.js
info: Aug-09-2022 11:57:28: 	HTTP GET /modules/user/views/loginView.js
info: Aug-09-2022 11:57:28: 	HTTP GET /modules/user/views/userProfileView.js
info: Aug-09-2022 11:57:28: 	HTTP GET /modules/user/views/userProfileSidebarView.js
info: Aug-09-2022 11:57:28: 	HTTP GET /modules/user/models/userProfileModel.js
info: Aug-09-2022 11:57:28: 	HTTP GET /modules/user/views/forgotPasswordView.js
info: Aug-09-2022 11:57:28: 	HTTP GET /modules/user/views/resetPasswordView.js
info: Aug-09-2022 11:57:28: 	HTTP GET /modules/user/models/userPasswordResetModel.js
info: Aug-09-2022 11:57:28: 	HTTP GET /modules/userManagement/views/userManagementView.js
info: Aug-09-2022 11:57:28: 	HTTP GET /modules/userManagement/views/userManagementSidebarView.js
info: Aug-09-2022 11:57:28: 	HTTP GET /modules/userManagement/views/addUserView.js
info: Aug-09-2022 11:57:28: 	HTTP GET /modules/userManagement/views/addUserSidebarView.js
info: Aug-09-2022 11:57:28: 	HTTP GET /modules/userManagement/helpers.js
info: Aug-09-2022 11:57:28: 	HTTP GET /modules/userManagement/collections/userCollection.js
info: Aug-09-2022 11:57:28: 	HTTP GET /core/views/originView.js
info: Aug-09-2022 11:57:28: 	HTTP GET /modules/sidebar/views/sidebarItemView.js
info: Aug-09-2022 11:57:28: 	HTTP GET /modules/assetManagement/views/assetManagementCollectionView.js
info: Aug-09-2022 11:57:28: 	HTTP GET /modules/assetManagement/views/assetManagementPreviewView.js
info: Aug-09-2022 11:57:28: 	HTTP GET /modules/contextMenu/views/contextMenuItemView.js
info: Aug-09-2022 11:57:28: 	HTTP GET /core/models/clipboardModel.js
info: Aug-09-2022 11:57:28: 	HTTP GET /core/models/componentTypeModel.js
info: Aug-09-2022 11:57:28: 	HTTP GET /core/models/configModel.js
info: Aug-09-2022 11:57:28: 	HTTP GET /core/models/courseAssetModel.js
info: Aug-09-2022 11:57:28: 	HTTP GET /core/models/courseModel.js
info: Aug-09-2022 11:57:28: 	HTTP GET /modules/editor/global/collections/editorCollection.js
info: Aug-09-2022 11:57:28: 	HTTP GET /core/models/extensionTypeModel.js
info: Aug-09-2022 11:57:28: 	HTTP GET /core/models/menuTypeModel.js
info: Aug-09-2022 11:57:28: 	HTTP GET /core/models/themeTypeModel.js
info: Aug-09-2022 11:57:28: 	HTTP GET /modules/editor/global/helpers.js
info: Aug-09-2022 11:57:28: 	HTTP GET /core/models/articleModel.js
info: Aug-09-2022 11:57:28: 	HTTP GET /modules/editor/article/views/editorArticleEditSidebarView.js
info: Aug-09-2022 11:57:28: 	HTTP GET /modules/editor/article/views/editorArticleEditView.js
info: Aug-09-2022 11:57:28: 	HTTP GET /core/models/blockModel.js
info: Aug-09-2022 11:57:28: 	HTTP GET /modules/editor/block/views/editorBlockEditView.js
info: Aug-09-2022 11:57:28: 	HTTP GET /modules/editor/block/views/editorBlockEditSidebarView.js
info: Aug-09-2022 11:57:28: 	HTTP GET /core/models/componentModel.js
info: Aug-09-2022 11:57:28: 	HTTP GET /modules/editor/component/views/editorComponentEditView.js
info: Aug-09-2022 11:57:28: 	HTTP GET /modules/editor/component/views/editorComponentEditSidebarView.js
info: Aug-09-2022 11:57:28: 	HTTP GET /modules/editor/config/views/editorConfigEditView.js
info: Aug-09-2022 11:57:28: 	HTTP GET /modules/editor/config/views/editorConfigEditSidebarView.js
info: Aug-09-2022 11:57:28: 	HTTP GET /core/models/contentObjectModel.js
info: Aug-09-2022 11:57:28: 	HTTP GET /modules/editor/contentObject/views/editorMenuSidebarView.js
info: Aug-09-2022 11:57:28: 	HTTP GET /modules/editor/contentObject/views/editorPageEditView.js
info: Aug-09-2022 11:57:28: 	HTTP GET /modules/editor/contentObject/views/editorPageEditSidebarView.js
info: Aug-09-2022 11:57:28: 	HTTP GET /modules/editor/contentObject/views/editorPageSidebarView.js
info: Aug-09-2022 11:57:28: 	HTTP GET /modules/editor/global/views/editorView.js
info: Aug-09-2022 11:57:28: 	HTTP GET /modules/editor/course/views/editorCourseEditView.js
info: Aug-09-2022 11:57:28: 	HTTP GET /modules/editor/course/views/editorCourseEditSidebarView.js
info: Aug-09-2022 11:57:28: 	HTTP GET /modules/editor/extensions/views/editorExtensionsEditView.js
info: Aug-09-2022 11:57:28: 	HTTP GET /modules/editor/extensions/views/editorExtensionsEditSidebarView.js
info: Aug-09-2022 11:57:28: 	HTTP GET /modules/editor/menuSettings/views/editorMenuSettingsEditView.js
info: Aug-09-2022 11:57:28: 	HTTP GET /modules/editor/menuSettings/views/editorMenuSettingsEditSidebarView.js
info: Aug-09-2022 11:57:28: 	HTTP GET /modules/editor/themeEditor/views/editorThemingView.js
info: Aug-09-2022 11:57:28: 	HTTP GET /modules/editor/themeEditor/views/editorThemingSidebarView.js
info: Aug-09-2022 11:57:28: 	HTTP GET /libraries/typeahead.js
info: Aug-09-2022 11:57:28: 	HTTP GET /modules/frameworkImport/views/frameworkImportPluginHeadingView.js
info: Aug-09-2022 11:57:28: 	HTTP GET /modules/frameworkImport/views/frameworkImportPluginView.js
info: Aug-09-2022 11:57:28: 	HTTP GET /modules/globalMenu/views/globalMenuItemView.js
info: Aug-09-2022 11:57:28: 	HTTP GET /modules/pluginManagement/views/pluginTypeView.js
info: Aug-09-2022 11:57:28: 	HTTP GET /modules/projects/views/projectView.js
info: Aug-09-2022 11:57:29: 	HTTP GET /modules/scaffold/models/schemasModel.js
info: Aug-09-2022 11:57:29: 	HTTP GET /core/collections/contentCollection.js
info: Aug-09-2022 11:57:29: 	HTTP GET /modules/assetManagement/views/assetManagementModalView.js
info: Aug-09-2022 11:57:29: 	HTTP GET /libraries/spectrum/spectrum.js
info: Aug-09-2022 11:57:29: 	HTTP GET /libraries/backbone-forms-lists.js
info: Aug-09-2022 11:57:29: 	HTTP GET /modules/sidebar/views/sidebarFilterView.js
info: Aug-09-2022 11:57:29: 	HTTP GET /modules/userManagement/models/userModel.js
info: Aug-09-2022 11:57:29: 	HTTP GET /modules/userManagement/views/userView.js
info: Aug-09-2022 11:57:29: 	HTTP GET /modules/userManagement/views/filterView.js
info: Aug-09-2022 11:57:29: 	HTTP GET /modules/sidebar/views/sidebarFieldsetFilterView.js
info: Aug-09-2022 11:57:29: 	HTTP GET /modules/assetManagement/views/assetManagementItemView.js
info: Aug-09-2022 11:57:29: 	HTTP GET /core/models/contentModel.js
info: Aug-09-2022 11:57:29: 	HTTP GET /modules/editor/global/views/editorOriginView.js
info: Aug-09-2022 11:57:29: 	HTTP GET /modules/editor/contentObject/views/editorMenuView.js
info: Aug-09-2022 11:57:29: 	HTTP GET /modules/editor/contentObject/views/editorPageView.js
info: Aug-09-2022 11:57:29: 	HTTP GET /modules/editor/menuSettings/collections/editorMenuSettingsCollection.js
info: Aug-09-2022 11:57:29: 	HTTP GET /modules/editor/menuSettings/views/editorMenuSettingsView.js
info: Aug-09-2022 11:57:29: 	HTTP GET /modules/editor/themeEditor/collections/editorThemeCollection.js
info: Aug-09-2022 11:57:29: 	HTTP GET /modules/editor/themeEditor/collections/editorPresetCollection.js
info: Aug-09-2022 11:57:29: 	HTTP GET /modules/editor/themeEditor/views/editorPresetEditView.js
info: Aug-09-2022 11:57:29: 	HTTP GET /modules/editor/themeEditor/models/editorPresetModel.js
info: Aug-09-2022 11:57:29: 	HTTP GET /modules/assetManagement/views/assetManagementModalFiltersView.js
info: Aug-09-2022 11:57:29: 	HTTP GET /modules/assetManagement/views/assetManagementModalAutofillView.js
info: Aug-09-2022 11:57:29: 	HTTP GET /libraries/pikaday/js/pikaday.js
info: Aug-09-2022 11:57:29: 	HTTP GET /modules/editor/contentObject/views/editorMenuLayerView.js
info: Aug-09-2022 11:57:29: 	HTTP GET /modules/editor/contentObject/views/editorMenuItemView.js
info: Aug-09-2022 11:57:29: 	HTTP GET /modules/editor/contentObject/views/editorPageArticleView.js
info: Aug-09-2022 11:57:29: 	HTTP GET /modules/editor/global/views/editorPasteZoneView.js
info: Aug-09-2022 11:57:29: 	HTTP GET /modules/editor/themeEditor/models/editorModel.js
info: Aug-09-2022 11:57:29: 	HTTP GET /modules/assetManagement/views/assetManagementModalTagsView.js
info: Aug-09-2022 11:57:29: 	HTTP GET /modules/assetManagement/views/assetManagementModalNewAssetView.js
info: Aug-09-2022 11:57:29: 	HTTP GET /modules/editor/contentObject/views/editorPageBlockView.js
info: Aug-09-2022 11:57:29: 	HTTP GET /modules/editor/contentObject/views/editorPageComponentView.js
info: Aug-09-2022 11:57:29: 	HTTP GET /modules/editor/contentObject/views/editorPageComponentPasteZoneView.js
info: Aug-09-2022 11:57:29: 	HTTP GET /modules/editor/contentObject/views/editorPageComponentListView.js
info: Aug-09-2022 11:57:29: 	HTTP GET /modules/editor/contentObject/views/editorPageComponentListItemView.js
info: Aug-09-2022 11:57:29: 	HTTP GET /plugins/plugins.js
info: Aug-09-2022 11:57:29: 	HTTP GET /modules/user/models/sessionModel.js
info: Aug-09-2022 11:57:29: 	HTTP GET /api/authcheck
info: Aug-09-2022 11:57:29: 	HTTP GET /api/content/schema
info: Aug-09-2022 11:57:29: 	HTTP GET /css/assets/top-bar-1080.jpg
info: Aug-09-2022 11:57:29: 	HTTP GET /api/componenttype
info: Aug-09-2022 11:57:29: 	HTTP GET /api/menutype
info: Aug-09-2022 11:57:29: 	HTTP GET /api/extensiontype
info: Aug-09-2022 11:57:29: 	HTTP GET /api/autocomplete/tag
info: Aug-09-2022 11:57:29: 	HTTP GET /api/themetype
info: Aug-09-2022 11:57:29: 	HTTP GET /font-awesome-4.5.0/fonts/fontawesome-webfont.woff2?v=4.5.0
info: Aug-09-2022 11:57:29: 	HTTP GET /api/my/course?search%5Btitle%5D=.*.*&operators%5Bskip%5D=0&operators%5Blimit%5D=1&operators%5Bsort%5D%5Btitle%5D=1&operators%5Bcollation%5D%5Blocale%5D=en
info: Aug-09-2022 11:57:29: 	HTTP GET /css/assets/origami-project.jpg
info: Aug-09-2022 11:57:29: 	HTTP GET /api/my/course?search%5Btitle%5D=.*.*&operators%5Bskip%5D=0&operators%5Blimit%5D=8&operators%5Bsort%5D%5Btitle%5D=1&operators%5Bcollation%5D%5Blocale%5D=en
info: Aug-09-2022 11:57:48: 	HTTP POST /api/logout
info: Aug-09-2022 11:57:48: 	HTTP GET /css/assets/favicon.png
info: Aug-09-2022 11:57:49: 	HTTP GET /css/assets/adapt-learning-logo-white.png
info: Aug-09-2022 11:57:49: 	HTTP GET /css/assets/favicon.png
info: Aug-09-2022 11:57:49: 	HTTP GET /css/assets/login_bg.jpg
info: Aug-09-2022 11:57:58: 	HTTP POST /api/login
info: Aug-09-2022 11:58:04: 	HTTP POST /api/login
info: Aug-09-2022 11:58:04: 	HTTP GET /api/componenttype
info: Aug-09-2022 11:58:04: 	HTTP GET /api/menutype
info: Aug-09-2022 11:58:04: 	HTTP GET /api/extensiontype
info: Aug-09-2022 11:58:04: 	HTTP GET /api/role
info: Aug-09-2022 11:58:04: 	HTTP GET /api/tenant
info: Aug-09-2022 11:58:04: 	HTTP GET /api/themetype
info: Aug-09-2022 11:58:04: 	HTTP GET /api/content/schema
info: Aug-09-2022 11:58:04: 	HTTP GET /css/assets/favicon.png
info: Aug-09-2022 11:58:04: 	HTTP GET /api/autocomplete/tag
info: Aug-09-2022 11:58:04: 	HTTP GET /api/my/course?search%5Btitle%5D=.*.*&operators%5Bskip%5D=0&operators%5Blimit%5D=1&operators%5Bsort%5D%5BupdatedAt%5D=-1&operators%5Bcollation%5D%5Blocale%5D=en
info: Aug-09-2022 11:58:04: 	HTTP GET /api/my/course?search%5Btitle%5D=.*.*&operators%5Bskip%5D=0&operators%5Blimit%5D=8&operators%5Bsort%5D%5BupdatedAt%5D=-1&operators%5Bcollation%5D%5Blocale%5D=en
info: Aug-09-2022 11:58:06: 	HTTP GET /api/my/course?search%5Btitle%5D=.*.*&operators%5Bskip%5D=8&operators%5Blimit%5D=8&operators%5Bsort%5D%5BupdatedAt%5D=-1&operators%5Bcollation%5D%5Blocale%5D=en
info: Aug-09-2022 11:58:09: 	HTTP GET /css/assets/favicon.png
info: Aug-09-2022 11:58:09: 	HTTP GET /api/user
info: Aug-09-2022 11:58:21: 	HTTP POST /api/role/[object%20Object]/unassign/62de3b5606a5694c10df2281
info: Aug-09-2022 11:58:21: 	HTTP POST /api/role/62da61de104d860404603dbf/assign/62de3b5606a5694c10df2281
info: Aug-09-2022 11:58:21: 	HTTP GET /api/user/62de3b5606a5694c10df2281
info: Aug-09-2022 11:58:38: 	HTTP GET /css/adapt.css
info: Aug-09-2022 11:58:38: 	HTTP GET /font-awesome-4.5.0/css/font-awesome.min.css
info: Aug-09-2022 11:58:38: 	HTTP GET /
info: Aug-09-2022 11:58:38: 	HTTP GET /css/adapt.css.map
info: Aug-09-2022 11:58:51: 	HTTP POST /api/role/[object%20Object]/unassign/62de3b5606a5694c10df2281
info: Aug-09-2022 11:58:51: 	HTTP POST /api/role/62da61de104d860404603dbf/assign/62de3b5606a5694c10df2281
info: Aug-09-2022 11:58:51: 	HTTP GET /api/user/62de3b5606a5694c10df2281
info: Aug-09-2022 12:01:25: 	HTTP POST /api/role/[object%20Object]/unassign/62de3b5606a5694c10df2281
info: Aug-09-2022 12:05:25: 	HTTP GET /api/user/62de3b5606a5694c10df2281
info: Aug-09-2022 12:05:25: 	HTTP POST /api/role/62da61de104d860404603dbf/assign/62de3b5606a5694c10df2281
info: Aug-09-2022 12:05:25: 	HTTP GET /api/user/62de3b5606a5694c10df2281
info: Aug-09-2022 12:05:57: 	HTTP POST /api/role/[object%20Object]/unassign/62de3b5606a5694c10df2281
info: Aug-09-2022 12:05:57: 	HTTP POST /api/role/62da61de104d860404603dbf/assign/62de3b5606a5694c10df2281
info: Aug-09-2022 12:05:57: 	HTTP GET /api/user/62de3b5606a5694c10df2281
info: Aug-09-2022 12:06:25: 	HTTP POST /api/role/[object%20Object]/unassign/62de3b5606a5694c10df2281
info: Aug-09-2022 12:07:01: 	HTTP GET /
info: Aug-09-2022 12:07:07: 	HTTP GET /font-awesome-4.5.0/css/font-awesome.min.css
info: Aug-09-2022 12:07:07: 	HTTP GET /modernizr.js
info: Aug-09-2022 12:07:07: 	HTTP GET /require.js
info: Aug-09-2022 12:07:07: 	HTTP GET /css/adapt.css
info: Aug-09-2022 12:07:07: 	HTTP GET /core/config.js
info: Aug-09-2022 12:07:07: 	HTTP GET /core/app.js
info: Aug-09-2022 12:07:07: 	HTTP GET /css/assets/adapt-learning-logo-outline.png
info: Aug-09-2022 12:07:07: 	HTTP GET /css/adapt.css.map
info: Aug-09-2022 12:07:07: 	HTTP GET /css/assets/favicon.png
info: Aug-09-2022 12:07:07: 	HTTP GET /libraries/ace/ace.js
info: Aug-09-2022 12:07:08: 	HTTP GET /libraries/handlebars.js
info: Aug-09-2022 12:07:08: 	HTTP GET /libraries/jquery.js
info: Aug-09-2022 12:07:08: 	HTTP GET /libraries/imageReady.js
info: Aug-09-2022 12:07:08: 	HTTP GET /libraries/inview.js
info: Aug-09-2022 12:07:08: 	HTTP GET /libraries/jquery.form.js
info: Aug-09-2022 12:07:08: 	HTTP GET /libraries/scrollTo.js
info: Aug-09-2022 12:07:08: 	HTTP GET /libraries/jquery.tagsinput.min.js
info: Aug-09-2022 12:07:08: 	HTTP GET /libraries/jquery-ui.min.js
info: Aug-09-2022 12:07:08: 	HTTP GET /libraries/selectize/js/selectize.js
info: Aug-09-2022 12:07:08: 	HTTP GET /libraries/sweetalert.min.js
info: Aug-09-2022 12:07:09: 	HTTP GET /libraries/velocity.js
info: Aug-09-2022 12:07:09: 	HTTP GET /core/origin.js
info: Aug-09-2022 12:07:09: 	HTTP GET /core/router.js
info: Aug-09-2022 12:07:09: 	HTTP GET /core/helpers.js
info: Aug-09-2022 12:07:09: 	HTTP GET /core/l10n.js
info: Aug-09-2022 12:07:09: 	HTTP GET /core/permissions.js
info: Aug-09-2022 12:07:09: 	HTTP GET /core/constants.js
info: Aug-09-2022 12:07:10: 	HTTP GET /libraries/underscore.js
info: Aug-09-2022 12:07:10: 	HTTP GET /templates/templates.js
info: Aug-09-2022 12:07:10: 	HTTP GET /libraries/moment.min.js
info: Aug-09-2022 12:07:10: 	HTTP GET /libraries/polyglot.min.js
info: Aug-09-2022 12:07:10: 	HTTP GET /libraries/backbone.js
info: Aug-09-2022 12:07:10: 	HTTP GET /config/config.json
info: Aug-09-2022 12:07:10: 	HTTP GET /lang/en
info: Aug-09-2022 12:07:11: 	HTTP GET /modules/modules.js
info: Aug-09-2022 12:07:11: 	HTTP GET /modules/actions/index.js
info: Aug-09-2022 12:07:11: 	HTTP GET /modules/assetManagement/index.js
info: Aug-09-2022 12:07:11: 	HTTP GET /modules/browserStorage/index.js
info: Aug-09-2022 12:07:11: 	HTTP GET /modules/colorLabel/index.js
info: Aug-09-2022 12:07:11: 	HTTP GET /modules/contentPane/index.js
info: Aug-09-2022 12:07:11: 	HTTP GET /modules/contextMenu/index.js
info: Aug-09-2022 12:07:11: 	HTTP GET /modules/editor/index.js
info: Aug-09-2022 12:07:11: 	HTTP GET /modules/filters/index.js
info: Aug-09-2022 12:07:11: 	HTTP GET /modules/frameworkImport/index.js
info: Aug-09-2022 12:07:12: 	HTTP GET /modules/globalMenu/index.js
info: Aug-09-2022 12:07:12: 	HTTP GET /modules/help/index.js
info: Aug-09-2022 12:07:12: 	HTTP GET /modules/location/index.js
info: Aug-09-2022 12:07:12: 	HTTP GET /modules/modal/index.js
info: Aug-09-2022 12:07:12: 	HTTP GET /modules/navigation/index.js
info: Aug-09-2022 12:07:12: 	HTTP GET /modules/notify/index.js
info: Aug-09-2022 12:07:12: 	HTTP GET /modules/options/index.js
info: Aug-09-2022 12:07:12: 	HTTP GET /modules/projects/index.js
info: Aug-09-2022 12:07:12: 	HTTP GET /modules/pluginManagement/index.js
info: Aug-09-2022 12:07:12: 	HTTP GET /modules/user/index.js
info: Aug-09-2022 12:07:12: 	HTTP GET /modules/scaffold/index.js
info: Aug-09-2022 12:07:12: 	HTTP GET /modules/sidebar/index.js
info: Aug-09-2022 12:07:12: 	HTTP GET /modules/userManagement/index.js
info: Aug-09-2022 12:07:12: 	HTTP GET /modules/actions/views/actionsView.js
info: Aug-09-2022 12:07:12: 	HTTP GET /modules/assetManagement/collections/assetCollection.js
info: Aug-09-2022 12:07:12: 	HTTP GET /modules/assetManagement/views/assetManagementNewAssetView.js
info: Aug-09-2022 12:07:12: 	HTTP GET /modules/assetManagement/views/assetManagementNewAssetSidebarView.js
info: Aug-09-2022 12:07:12: 	HTTP GET /modules/assetManagement/views/assetManagementSidebarView.js
info: Aug-09-2022 12:07:12: 	HTTP GET /modules/assetManagement/views/assetManagementView.js
info: Aug-09-2022 12:07:12: 	HTTP GET /modules/assetManagement/models/assetModel.js
info: Aug-09-2022 12:07:12: 	HTTP GET /core/collections/tagsCollection.js
info: Aug-09-2022 12:07:12: 	HTTP GET /modules/colorLabel/models/colors.js
info: Aug-09-2022 12:07:12: 	HTTP GET /modules/colorLabel/views/colorLabelPopupView.js
info: Aug-09-2022 12:07:12: 	HTTP GET /modules/contentPane/views/contentPaneView.js
info: Aug-09-2022 12:07:12: 	HTTP GET /modules/contextMenu/views/contextMenuView.js
info: Aug-09-2022 12:07:12: 	HTTP GET /modules/editor/global/editorDataLoader.js
info: Aug-09-2022 12:07:12: 	HTTP GET /modules/editor/article/index.js
info: Aug-09-2022 12:07:12: 	HTTP GET /modules/editor/component/index.js
info: Aug-09-2022 12:07:12: 	HTTP GET /modules/editor/block/index.js
info: Aug-09-2022 12:07:12: 	HTTP GET /modules/editor/config/index.js
info: Aug-09-2022 12:07:12: 	HTTP GET /modules/editor/contentObject/index.js
info: Aug-09-2022 12:07:12: 	HTTP GET /modules/editor/course/index.js
info: Aug-09-2022 12:07:12: 	HTTP GET /modules/editor/extensions/index.js
info: Aug-09-2022 12:07:12: 	HTTP GET /modules/editor/menuSettings/index.js
info: Aug-09-2022 12:07:12: 	HTTP GET /modules/editor/themeEditor/index.js
info: Aug-09-2022 12:07:12: 	HTTP GET /modules/filters/views/typeAheadView.js
info: Aug-09-2022 12:07:12: 	HTTP GET /modules/frameworkImport/views/frameworkImportSidebarView.js
info: Aug-09-2022 12:07:12: 	HTTP GET /modules/frameworkImport/views/frameworkImportView.js
info: Aug-09-2022 12:07:12: 	HTTP GET /modules/globalMenu/views/globalMenuView.js
info: Aug-09-2022 12:07:12: 	HTTP GET /modules/location/views/locationTitleView.js
info: Aug-09-2022 12:07:12: 	HTTP GET /modules/modal/views/modalView.js
info: Aug-09-2022 12:07:12: 	HTTP GET /modules/navigation/views/navigationView.js
info: Aug-09-2022 12:07:12: 	HTTP GET /modules/notify/plugins/alert/index.js
info: Aug-09-2022 12:07:12: 	HTTP GET /modules/notify/plugins/console/index.js
info: Aug-09-2022 12:07:12: 	HTTP GET /modules/options/views/optionsView.js
info: Aug-09-2022 12:07:12: 	HTTP GET /modules/projects/views/projectsView.js
info: Aug-09-2022 12:07:12: 	HTTP GET /modules/notify/plugins/snackbar/index.js
info: Aug-09-2022 12:07:12: 	HTTP GET /modules/projects/views/projectsSidebarView.js
info: Aug-09-2022 12:07:12: 	HTTP GET /modules/projects/collections/myProjectCollection.js
info: Aug-09-2022 12:07:12: 	HTTP GET /modules/projects/collections/sharedProjectCollection.js
info: Aug-09-2022 12:07:12: 	HTTP GET /modules/pluginManagement/views/pluginManagementView.js
info: Aug-09-2022 12:07:12: 	HTTP GET /modules/pluginManagement/views/pluginManagementSidebarView.js
info: Aug-09-2022 12:07:12: 	HTTP GET /modules/pluginManagement/views/pluginManagementUploadView.js
info: Aug-09-2022 12:07:12: 	HTTP GET /modules/user/views/loginView.js
info: Aug-09-2022 12:07:12: 	HTTP GET /modules/pluginManagement/views/pluginManagementUploadSidebarView.js
info: Aug-09-2022 12:07:12: 	HTTP GET /modules/user/views/userProfileView.js
info: Aug-09-2022 12:07:12: 	HTTP GET /modules/user/views/userProfileSidebarView.js
info: Aug-09-2022 12:07:13: 	HTTP GET /modules/user/models/userProfileModel.js
info: Aug-09-2022 12:07:13: 	HTTP GET /modules/user/views/forgotPasswordView.js
info: Aug-09-2022 12:07:13: 	HTTP GET /modules/user/views/resetPasswordView.js
info: Aug-09-2022 12:07:13: 	HTTP GET /modules/user/models/userPasswordResetModel.js
info: Aug-09-2022 12:07:13: 	HTTP GET /modules/scaffold/schemas.js
info: Aug-09-2022 12:07:13: 	HTTP GET /modules/scaffold/views/scaffoldAssetView.js
info: Aug-09-2022 12:07:13: 	HTTP GET /modules/scaffold/backboneFormsOverrides.js
info: Aug-09-2022 12:07:13: 	HTTP GET /modules/scaffold/views/scaffoldAssetItemView.js
info: Aug-09-2022 12:07:13: 	HTTP GET /modules/scaffold/views/scaffoldCodeEditorView.js
info: Aug-09-2022 12:07:13: 	HTTP GET /modules/scaffold/views/scaffoldDisplayTitleView.js
info: Aug-09-2022 12:07:13: 	HTTP GET /modules/scaffold/views/scaffoldColourPickerView.js
info: Aug-09-2022 12:07:13: 	HTTP GET /modules/scaffold/views/scaffoldItemsModalView.js
info: Aug-09-2022 12:07:13: 	HTTP GET /modules/scaffold/views/scaffoldListView.js
info: Aug-09-2022 12:07:13: 	HTTP GET /modules/scaffold/views/scaffoldTagsView.js
info: Aug-09-2022 12:07:13: 	HTTP GET /modules/sidebar/views/sidebarView.js
info: Aug-09-2022 12:07:13: 	HTTP GET /modules/scaffold/views/scaffoldUsersView.js
info: Aug-09-2022 12:07:13: 	HTTP GET /modules/userManagement/views/userManagementView.js
info: Aug-09-2022 12:07:13: 	HTTP GET /modules/userManagement/views/addUserSidebarView.js
info: Aug-09-2022 12:07:13: 	HTTP GET /modules/userManagement/views/userManagementSidebarView.js
info: Aug-09-2022 12:07:13: 	HTTP GET /modules/userManagement/views/addUserView.js
info: Aug-09-2022 12:07:13: 	HTTP GET /modules/userManagement/helpers.js
info: Aug-09-2022 12:07:13: 	HTTP GET /modules/sidebar/views/sidebarItemView.js
info: Aug-09-2022 12:07:13: 	HTTP GET /modules/userManagement/collections/userCollection.js
info: Aug-09-2022 12:07:13: 	HTTP GET /core/views/originView.js
info: Aug-09-2022 12:07:13: 	HTTP GET /modules/assetManagement/views/assetManagementCollectionView.js
info: Aug-09-2022 12:07:13: 	HTTP GET /modules/assetManagement/views/assetManagementPreviewView.js
info: Aug-09-2022 12:07:13: 	HTTP GET /modules/contextMenu/views/contextMenuItemView.js
info: Aug-09-2022 12:07:13: 	HTTP GET /core/models/componentTypeModel.js
info: Aug-09-2022 12:07:13: 	HTTP GET /core/models/clipboardModel.js
info: Aug-09-2022 12:07:13: 	HTTP GET /core/models/configModel.js
info: Aug-09-2022 12:07:13: 	HTTP GET /core/models/courseAssetModel.js
info: Aug-09-2022 12:07:13: 	HTTP GET /core/models/courseModel.js
info: Aug-09-2022 12:07:13: 	HTTP GET /modules/editor/global/collections/editorCollection.js
info: Aug-09-2022 12:07:13: 	HTTP GET /core/models/menuTypeModel.js
info: Aug-09-2022 12:07:13: 	HTTP GET /core/models/extensionTypeModel.js
info: Aug-09-2022 12:07:13: 	HTTP GET /core/models/themeTypeModel.js
info: Aug-09-2022 12:07:13: 	HTTP GET /core/models/articleModel.js
info: Aug-09-2022 12:07:13: 	HTTP GET /modules/editor/global/helpers.js
info: Aug-09-2022 12:07:13: 	HTTP GET /modules/editor/article/views/editorArticleEditSidebarView.js
info: Aug-09-2022 12:07:13: 	HTTP GET /modules/editor/article/views/editorArticleEditView.js
info: Aug-09-2022 12:07:13: 	HTTP GET /core/models/componentModel.js
info: Aug-09-2022 12:07:13: 	HTTP GET /core/models/blockModel.js
info: Aug-09-2022 12:07:13: 	HTTP GET /modules/editor/component/views/editorComponentEditSidebarView.js
info: Aug-09-2022 12:07:13: 	HTTP GET /modules/editor/component/views/editorComponentEditView.js
info: Aug-09-2022 12:07:13: 	HTTP GET /modules/editor/block/views/editorBlockEditView.js
info: Aug-09-2022 12:07:13: 	HTTP GET /modules/editor/config/views/editorConfigEditView.js
info: Aug-09-2022 12:07:13: 	HTTP GET /modules/editor/block/views/editorBlockEditSidebarView.js
info: Aug-09-2022 12:07:13: 	HTTP GET /modules/editor/config/views/editorConfigEditSidebarView.js
info: Aug-09-2022 12:07:13: 	HTTP GET /modules/editor/contentObject/views/editorMenuSidebarView.js
info: Aug-09-2022 12:07:13: 	HTTP GET /core/models/contentObjectModel.js
info: Aug-09-2022 12:07:13: 	HTTP GET /modules/editor/contentObject/views/editorPageEditView.js
info: Aug-09-2022 12:07:13: 	HTTP GET /modules/editor/contentObject/views/editorPageSidebarView.js
info: Aug-09-2022 12:07:13: 	HTTP GET /modules/editor/contentObject/views/editorPageEditSidebarView.js
info: Aug-09-2022 12:07:13: 	HTTP GET /modules/editor/global/views/editorView.js
info: Aug-09-2022 12:07:13: 	HTTP GET /modules/editor/course/views/editorCourseEditSidebarView.js
info: Aug-09-2022 12:07:13: 	HTTP GET /modules/editor/course/views/editorCourseEditView.js
info: Aug-09-2022 12:07:13: 	HTTP GET /modules/editor/menuSettings/views/editorMenuSettingsEditView.js
info: Aug-09-2022 12:07:13: 	HTTP GET /modules/editor/extensions/views/editorExtensionsEditView.js
info: Aug-09-2022 12:07:13: 	HTTP GET /modules/editor/extensions/views/editorExtensionsEditSidebarView.js
info: Aug-09-2022 12:07:13: 	HTTP GET /modules/editor/menuSettings/views/editorMenuSettingsEditSidebarView.js
info: Aug-09-2022 12:07:13: 	HTTP GET /modules/editor/themeEditor/views/editorThemingSidebarView.js
info: Aug-09-2022 12:07:13: 	HTTP GET /modules/editor/themeEditor/views/editorThemingView.js
info: Aug-09-2022 12:07:13: 	HTTP GET /libraries/typeahead.js
info: Aug-09-2022 12:07:13: 	HTTP GET /modules/frameworkImport/views/frameworkImportPluginHeadingView.js
info: Aug-09-2022 12:07:13: 	HTTP GET /modules/frameworkImport/views/frameworkImportPluginView.js
info: Aug-09-2022 12:07:13: 	HTTP GET /libraries/backbone-forms.js
info: Aug-09-2022 12:07:13: 	HTTP GET /modules/globalMenu/views/globalMenuItemView.js
info: Aug-09-2022 12:07:13: 	HTTP GET /modules/projects/views/projectView.js
info: Aug-09-2022 12:07:14: 	HTTP GET /modules/pluginManagement/views/pluginTypeView.js
info: Aug-09-2022 12:07:14: 	HTTP GET /modules/scaffold/models/schemasModel.js
info: Aug-09-2022 12:07:14: 	HTTP GET /core/collections/contentCollection.js
info: Aug-09-2022 12:07:14: 	HTTP GET /modules/assetManagement/views/assetManagementModalView.js
info: Aug-09-2022 12:07:14: 	HTTP GET /modules/sidebar/views/sidebarFilterView.js
info: Aug-09-2022 12:07:14: 	HTTP GET /libraries/spectrum/spectrum.js
info: Aug-09-2022 12:07:14: 	HTTP GET /modules/userManagement/models/userModel.js
info: Aug-09-2022 12:07:14: 	HTTP GET /modules/userManagement/views/filterView.js
info: Aug-09-2022 12:07:14: 	HTTP GET /modules/userManagement/views/userView.js
info: Aug-09-2022 12:07:14: 	HTTP GET /core/models/contentModel.js
info: Aug-09-2022 12:07:14: 	HTTP GET /modules/sidebar/views/sidebarFieldsetFilterView.js
info: Aug-09-2022 12:07:14: 	HTTP GET /modules/assetManagement/views/assetManagementItemView.js
info: Aug-09-2022 12:07:14: 	HTTP GET /modules/editor/global/views/editorOriginView.js
info: Aug-09-2022 12:07:14: 	HTTP GET /modules/editor/contentObject/views/editorPageView.js
info: Aug-09-2022 12:07:14: 	HTTP GET /modules/editor/contentObject/views/editorMenuView.js
info: Aug-09-2022 12:07:14: 	HTTP GET /modules/editor/menuSettings/collections/editorMenuSettingsCollection.js
info: Aug-09-2022 12:07:14: 	HTTP GET /modules/editor/themeEditor/collections/editorThemeCollection.js
info: Aug-09-2022 12:07:14: 	HTTP GET /modules/editor/menuSettings/views/editorMenuSettingsView.js
info: Aug-09-2022 12:07:14: 	HTTP GET /modules/editor/themeEditor/collections/editorPresetCollection.js
info: Aug-09-2022 12:07:14: 	HTTP GET /modules/editor/themeEditor/views/editorPresetEditView.js
info: Aug-09-2022 12:07:14: 	HTTP GET /libraries/backbone-forms-lists.js
info: Aug-09-2022 12:07:14: 	HTTP GET /modules/editor/themeEditor/models/editorPresetModel.js
info: Aug-09-2022 12:07:14: 	HTTP GET /modules/assetManagement/views/assetManagementModalFiltersView.js
info: Aug-09-2022 12:07:14: 	HTTP GET /modules/assetManagement/views/assetManagementModalAutofillView.js
info: Aug-09-2022 12:07:14: 	HTTP GET /modules/editor/contentObject/views/editorPageArticleView.js
info: Aug-09-2022 12:07:14: 	HTTP GET /libraries/pikaday/js/pikaday.js
info: Aug-09-2022 12:07:14: 	HTTP GET /modules/editor/global/views/editorPasteZoneView.js
info: Aug-09-2022 12:07:14: 	HTTP GET /modules/editor/contentObject/views/editorMenuLayerView.js
info: Aug-09-2022 12:07:14: 	HTTP GET /modules/editor/contentObject/views/editorMenuItemView.js
info: Aug-09-2022 12:07:14: 	HTTP GET /modules/assetManagement/views/assetManagementModalNewAssetView.js
info: Aug-09-2022 12:07:14: 	HTTP GET /modules/editor/themeEditor/models/editorModel.js
info: Aug-09-2022 12:07:14: 	HTTP GET /modules/assetManagement/views/assetManagementModalTagsView.js
info: Aug-09-2022 12:07:14: 	HTTP GET /modules/editor/contentObject/views/editorPageBlockView.js
info: Aug-09-2022 12:07:14: 	HTTP GET /modules/editor/contentObject/views/editorPageComponentPasteZoneView.js
info: Aug-09-2022 12:07:14: 	HTTP GET /modules/editor/contentObject/views/editorPageComponentView.js
info: Aug-09-2022 12:07:14: 	HTTP GET /modules/editor/contentObject/views/editorPageComponentListView.js
info: Aug-09-2022 12:07:14: 	HTTP GET /modules/editor/contentObject/views/editorPageComponentListItemView.js
info: Aug-09-2022 12:07:14: 	HTTP GET /plugins/plugins.js
info: Aug-09-2022 12:07:15: 	HTTP GET /modules/user/models/sessionModel.js
info: Aug-09-2022 12:07:15: 	HTTP GET /api/authcheck
info: Aug-09-2022 12:07:15: 	HTTP GET /api/content/schema
info: Aug-09-2022 12:07:16: 	HTTP GET /api/componenttype
info: Aug-09-2022 12:07:16: 	HTTP GET /api/menutype
info: Aug-09-2022 12:07:16: 	HTTP GET /api/extensiontype
info: Aug-09-2022 12:07:16: 	HTTP GET /api/tenant
info: Aug-09-2022 12:07:16: 	HTTP GET /api/themetype
info: Aug-09-2022 12:07:16: 	HTTP GET /api/role
info: Aug-09-2022 12:07:16: 	HTTP GET /api/user
info: Aug-09-2022 12:07:16: 	HTTP GET /css/assets/top-bar-1080.jpg
info: Aug-09-2022 12:07:16: 	HTTP GET /font-awesome-4.5.0/fonts/fontawesome-webfont.woff2?v=4.5.0
info: Aug-09-2022 12:09:26: 	HTTP POST /api/role/undefined/unassign/62de3b5606a5694c10df2281
info: Aug-09-2022 12:09:41: 	HTTP POST /api/role/62da61de104d860404603dbf/assign/62de3b5606a5694c10df2281
info: Aug-09-2022 12:10:27: 	HTTP GET /api/user/62de3b5606a5694c10df2281
info: Aug-09-2022 12:10:30: 	HTTP GET /
info: Aug-09-2022 12:10:30: 	HTTP GET /css/adapt.css
info: Aug-09-2022 12:10:30: 	HTTP GET /font-awesome-4.5.0/css/font-awesome.min.css
info: Aug-09-2022 12:10:30: 	HTTP GET /modernizr.js
info: Aug-09-2022 12:10:30: 	HTTP GET /require.js
info: Aug-09-2022 12:10:30: 	HTTP GET /core/config.js
info: Aug-09-2022 12:10:30: 	HTTP GET /core/app.js
info: Aug-09-2022 12:10:30: 	HTTP GET /css/assets/adapt-learning-logo-outline.png
info: Aug-09-2022 12:10:31: 	HTTP GET /libraries/handlebars.js
info: Aug-09-2022 12:10:31: 	HTTP GET /libraries/jquery.js
info: Aug-09-2022 12:10:31: 	HTTP GET /libraries/ace/ace.js
info: Aug-09-2022 12:10:31: 	HTTP GET /css/adapt.css.map
info: Aug-09-2022 12:10:31: 	HTTP GET /libraries/inview.js
info: Aug-09-2022 12:10:31: 	HTTP GET /libraries/jquery.form.js
info: Aug-09-2022 12:10:31: 	HTTP GET /libraries/imageReady.js
info: Aug-09-2022 12:10:31: 	HTTP GET /libraries/jquery.tagsinput.min.js
info: Aug-09-2022 12:10:31: 	HTTP GET /libraries/jquery-ui.min.js
info: Aug-09-2022 12:10:31: 	HTTP GET /libraries/scrollTo.js
info: Aug-09-2022 12:10:31: 	HTTP GET /libraries/selectize/js/selectize.js
info: Aug-09-2022 12:10:31: 	HTTP GET /libraries/sweetalert.min.js
info: Aug-09-2022 12:10:31: 	HTTP GET /libraries/velocity.js
info: Aug-09-2022 12:10:31: 	HTTP GET /core/origin.js
info: Aug-09-2022 12:10:31: 	HTTP GET /core/router.js
info: Aug-09-2022 12:10:31: 	HTTP GET /core/helpers.js
info: Aug-09-2022 12:10:31: 	HTTP GET /core/permissions.js
info: Aug-09-2022 12:10:31: 	HTTP GET /core/l10n.js
info: Aug-09-2022 12:10:31: 	HTTP GET /core/constants.js
info: Aug-09-2022 12:10:31: 	HTTP GET /css/assets/favicon.png
info: Aug-09-2022 12:10:31: 	HTTP GET /templates/templates.js
info: Aug-09-2022 12:10:31: 	HTTP GET /libraries/underscore.js
info: Aug-09-2022 12:10:31: 	HTTP GET /libraries/moment.min.js
info: Aug-09-2022 12:10:31: 	HTTP GET /libraries/polyglot.min.js
info: Aug-09-2022 12:10:31: 	HTTP GET /libraries/backbone.js
info: Aug-09-2022 12:10:31: 	HTTP GET /config/config.json
info: Aug-09-2022 12:10:31: 	HTTP GET /lang/en
info: Aug-09-2022 12:10:31: 	HTTP GET /modules/modules.js
info: Aug-09-2022 12:10:32: 	HTTP GET /modules/actions/index.js
info: Aug-09-2022 12:10:32: 	HTTP GET /modules/assetManagement/index.js
info: Aug-09-2022 12:10:32: 	HTTP GET /modules/browserStorage/index.js
info: Aug-09-2022 12:10:32: 	HTTP GET /modules/colorLabel/index.js
info: Aug-09-2022 12:10:32: 	HTTP GET /modules/contentPane/index.js
info: Aug-09-2022 12:10:32: 	HTTP GET /modules/contextMenu/index.js
info: Aug-09-2022 12:10:32: 	HTTP GET /modules/editor/index.js
info: Aug-09-2022 12:10:32: 	HTTP GET /modules/filters/index.js
info: Aug-09-2022 12:10:32: 	HTTP GET /modules/frameworkImport/index.js
info: Aug-09-2022 12:10:32: 	HTTP GET /modules/globalMenu/index.js
info: Aug-09-2022 12:10:32: 	HTTP GET /modules/help/index.js
info: Aug-09-2022 12:10:32: 	HTTP GET /modules/location/index.js
info: Aug-09-2022 12:10:32: 	HTTP GET /modules/modal/index.js
info: Aug-09-2022 12:10:32: 	HTTP GET /modules/navigation/index.js
info: Aug-09-2022 12:10:32: 	HTTP GET /modules/notify/index.js
info: Aug-09-2022 12:10:32: 	HTTP GET /modules/options/index.js
info: Aug-09-2022 12:10:32: 	HTTP GET /modules/pluginManagement/index.js
info: Aug-09-2022 12:10:32: 	HTTP GET /modules/projects/index.js
info: Aug-09-2022 12:10:32: 	HTTP GET /modules/scaffold/index.js
info: Aug-09-2022 12:10:32: 	HTTP GET /modules/sidebar/index.js
info: Aug-09-2022 12:10:32: 	HTTP GET /modules/user/index.js
info: Aug-09-2022 12:10:32: 	HTTP GET /modules/userManagement/index.js
info: Aug-09-2022 12:10:32: 	HTTP GET /modules/actions/views/actionsView.js
info: Aug-09-2022 12:10:32: 	HTTP GET /modules/assetManagement/collections/assetCollection.js
info: Aug-09-2022 12:10:32: 	HTTP GET /modules/assetManagement/views/assetManagementNewAssetView.js
info: Aug-09-2022 12:10:32: 	HTTP GET /modules/assetManagement/views/assetManagementNewAssetSidebarView.js
info: Aug-09-2022 12:10:32: 	HTTP GET /modules/assetManagement/views/assetManagementSidebarView.js
info: Aug-09-2022 12:10:32: 	HTTP GET /modules/assetManagement/views/assetManagementView.js
info: Aug-09-2022 12:10:33: 	HTTP GET /modules/assetManagement/models/assetModel.js
info: Aug-09-2022 12:10:33: 	HTTP GET /core/collections/tagsCollection.js
info: Aug-09-2022 12:10:33: 	HTTP GET /modules/colorLabel/models/colors.js
info: Aug-09-2022 12:10:33: 	HTTP GET /modules/colorLabel/views/colorLabelPopupView.js
info: Aug-09-2022 12:10:33: 	HTTP GET /modules/contentPane/views/contentPaneView.js
info: Aug-09-2022 12:10:33: 	HTTP GET /modules/contextMenu/views/contextMenuView.js
info: Aug-09-2022 12:10:33: 	HTTP GET /modules/editor/global/editorDataLoader.js
info: Aug-09-2022 12:10:33: 	HTTP GET /modules/editor/article/index.js
info: Aug-09-2022 12:10:33: 	HTTP GET /modules/editor/block/index.js
info: Aug-09-2022 12:10:33: 	HTTP GET /modules/editor/component/index.js
info: Aug-09-2022 12:10:33: 	HTTP GET /modules/editor/config/index.js
info: Aug-09-2022 12:10:33: 	HTTP GET /modules/editor/contentObject/index.js
info: Aug-09-2022 12:10:33: 	HTTP GET /modules/editor/course/index.js
info: Aug-09-2022 12:10:33: 	HTTP GET /modules/editor/extensions/index.js
info: Aug-09-2022 12:10:33: 	HTTP GET /modules/editor/menuSettings/index.js
info: Aug-09-2022 12:10:33: 	HTTP GET /modules/editor/themeEditor/index.js
info: Aug-09-2022 12:10:33: 	HTTP GET /modules/filters/views/typeAheadView.js
info: Aug-09-2022 12:10:33: 	HTTP GET /modules/frameworkImport/views/frameworkImportView.js
info: Aug-09-2022 12:10:33: 	HTTP GET /modules/frameworkImport/views/frameworkImportSidebarView.js
info: Aug-09-2022 12:10:33: 	HTTP GET /modules/globalMenu/views/globalMenuView.js
info: Aug-09-2022 12:10:33: 	HTTP GET /modules/location/views/locationTitleView.js
info: Aug-09-2022 12:10:33: 	HTTP GET /modules/modal/views/modalView.js
info: Aug-09-2022 12:10:33: 	HTTP GET /modules/navigation/views/navigationView.js
info: Aug-09-2022 12:10:33: 	HTTP GET /modules/notify/plugins/alert/index.js
info: Aug-09-2022 12:10:33: 	HTTP GET /modules/notify/plugins/console/index.js
info: Aug-09-2022 12:10:33: 	HTTP GET /modules/notify/plugins/snackbar/index.js
info: Aug-09-2022 12:10:33: 	HTTP GET /modules/pluginManagement/views/pluginManagementUploadView.js
info: Aug-09-2022 12:10:33: 	HTTP GET /modules/pluginManagement/views/pluginManagementView.js
info: Aug-09-2022 12:10:33: 	HTTP GET /modules/options/views/optionsView.js
info: Aug-09-2022 12:10:33: 	HTTP GET /modules/pluginManagement/views/pluginManagementSidebarView.js
info: Aug-09-2022 12:10:33: 	HTTP GET /modules/pluginManagement/views/pluginManagementUploadSidebarView.js
info: Aug-09-2022 12:10:33: 	HTTP GET /modules/projects/views/projectsView.js
info: Aug-09-2022 12:10:33: 	HTTP GET /modules/projects/views/projectsSidebarView.js
info: Aug-09-2022 12:10:33: 	HTTP GET /modules/projects/collections/myProjectCollection.js
info: Aug-09-2022 12:10:33: 	HTTP GET /modules/projects/collections/sharedProjectCollection.js
info: Aug-09-2022 12:10:34: 	HTTP GET /modules/scaffold/schemas.js
info: Aug-09-2022 12:10:34: 	HTTP GET /modules/scaffold/backboneFormsOverrides.js
info: Aug-09-2022 12:10:34: 	HTTP GET /modules/scaffold/views/scaffoldAssetView.js
info: Aug-09-2022 12:10:34: 	HTTP GET /modules/scaffold/views/scaffoldAssetItemView.js
info: Aug-09-2022 12:10:34: 	HTTP GET /modules/scaffold/views/scaffoldCodeEditorView.js
info: Aug-09-2022 12:10:34: 	HTTP GET /modules/scaffold/views/scaffoldColourPickerView.js
info: Aug-09-2022 12:10:34: 	HTTP GET /modules/scaffold/views/scaffoldDisplayTitleView.js
info: Aug-09-2022 12:10:34: 	HTTP GET /modules/scaffold/views/scaffoldItemsModalView.js
info: Aug-09-2022 12:10:34: 	HTTP GET /modules/scaffold/views/scaffoldListView.js
info: Aug-09-2022 12:10:34: 	HTTP GET /modules/scaffold/views/scaffoldTagsView.js
info: Aug-09-2022 12:10:34: 	HTTP GET /modules/scaffold/views/scaffoldUsersView.js
info: Aug-09-2022 12:10:34: 	HTTP GET /libraries/backbone-forms.js
info: Aug-09-2022 12:10:34: 	HTTP GET /modules/sidebar/views/sidebarView.js
info: Aug-09-2022 12:10:34: 	HTTP GET /modules/user/views/loginView.js
info: Aug-09-2022 12:10:34: 	HTTP GET /modules/user/views/userProfileView.js
info: Aug-09-2022 12:10:34: 	HTTP GET /modules/user/views/userProfileSidebarView.js
info: Aug-09-2022 12:10:34: 	HTTP GET /modules/user/models/userProfileModel.js
info: Aug-09-2022 12:10:34: 	HTTP GET /modules/user/views/forgotPasswordView.js
info: Aug-09-2022 12:10:34: 	HTTP GET /modules/user/views/resetPasswordView.js
info: Aug-09-2022 12:10:34: 	HTTP GET /modules/user/models/userPasswordResetModel.js
info: Aug-09-2022 12:10:34: 	HTTP GET /modules/userManagement/views/userManagementView.js
info: Aug-09-2022 12:10:34: 	HTTP GET /modules/userManagement/views/userManagementSidebarView.js
info: Aug-09-2022 12:10:34: 	HTTP GET /modules/userManagement/views/addUserView.js
info: Aug-09-2022 12:10:34: 	HTTP GET /modules/userManagement/views/addUserSidebarView.js
info: Aug-09-2022 12:10:34: 	HTTP GET /modules/userManagement/helpers.js
info: Aug-09-2022 12:10:34: 	HTTP GET /modules/userManagement/collections/userCollection.js
info: Aug-09-2022 12:10:34: 	HTTP GET /core/views/originView.js
info: Aug-09-2022 12:10:34: 	HTTP GET /modules/sidebar/views/sidebarItemView.js
info: Aug-09-2022 12:10:34: 	HTTP GET /modules/assetManagement/views/assetManagementCollectionView.js
info: Aug-09-2022 12:10:34: 	HTTP GET /modules/assetManagement/views/assetManagementPreviewView.js
info: Aug-09-2022 12:10:34: 	HTTP GET /modules/contextMenu/views/contextMenuItemView.js
info: Aug-09-2022 12:10:34: 	HTTP GET /core/models/clipboardModel.js
info: Aug-09-2022 12:10:34: 	HTTP GET /core/models/componentTypeModel.js
info: Aug-09-2022 12:10:34: 	HTTP GET /core/models/configModel.js
info: Aug-09-2022 12:10:34: 	HTTP GET /core/models/courseAssetModel.js
info: Aug-09-2022 12:10:34: 	HTTP GET /core/models/courseModel.js
info: Aug-09-2022 12:10:34: 	HTTP GET /modules/editor/global/collections/editorCollection.js
info: Aug-09-2022 12:10:34: 	HTTP GET /core/models/extensionTypeModel.js
info: Aug-09-2022 12:10:34: 	HTTP GET /core/models/menuTypeModel.js
info: Aug-09-2022 12:10:34: 	HTTP GET /core/models/themeTypeModel.js
info: Aug-09-2022 12:10:34: 	HTTP GET /modules/editor/global/helpers.js
info: Aug-09-2022 12:10:34: 	HTTP GET /core/models/articleModel.js
info: Aug-09-2022 12:10:34: 	HTTP GET /modules/editor/article/views/editorArticleEditSidebarView.js
info: Aug-09-2022 12:10:34: 	HTTP GET /modules/editor/article/views/editorArticleEditView.js
info: Aug-09-2022 12:10:34: 	HTTP GET /core/models/blockModel.js
info: Aug-09-2022 12:10:34: 	HTTP GET /modules/editor/block/views/editorBlockEditView.js
info: Aug-09-2022 12:10:34: 	HTTP GET /modules/editor/block/views/editorBlockEditSidebarView.js
info: Aug-09-2022 12:10:35: 	HTTP GET /core/models/componentModel.js
info: Aug-09-2022 12:10:35: 	HTTP GET /modules/editor/config/views/editorConfigEditView.js
info: Aug-09-2022 12:10:35: 	HTTP GET /modules/editor/config/views/editorConfigEditSidebarView.js
info: Aug-09-2022 12:10:35: 	HTTP GET /modules/editor/component/views/editorComponentEditView.js
info: Aug-09-2022 12:10:35: 	HTTP GET /core/models/contentObjectModel.js
info: Aug-09-2022 12:10:35: 	HTTP GET /modules/editor/component/views/editorComponentEditSidebarView.js
info: Aug-09-2022 12:10:35: 	HTTP GET /modules/editor/contentObject/views/editorMenuSidebarView.js
info: Aug-09-2022 12:10:35: 	HTTP GET /modules/editor/contentObject/views/editorPageEditSidebarView.js
info: Aug-09-2022 12:10:35: 	HTTP GET /modules/editor/contentObject/views/editorPageEditView.js
info: Aug-09-2022 12:10:35: 	HTTP GET /modules/editor/course/views/editorCourseEditView.js
info: Aug-09-2022 12:10:35: 	HTTP GET /modules/editor/contentObject/views/editorPageSidebarView.js
info: Aug-09-2022 12:10:35: 	HTTP GET /modules/editor/global/views/editorView.js
info: Aug-09-2022 12:10:35: 	HTTP GET /modules/editor/course/views/editorCourseEditSidebarView.js
info: Aug-09-2022 12:10:35: 	HTTP GET /modules/editor/extensions/views/editorExtensionsEditView.js
info: Aug-09-2022 12:10:35: 	HTTP GET /modules/editor/extensions/views/editorExtensionsEditSidebarView.js
info: Aug-09-2022 12:10:35: 	HTTP GET /modules/editor/menuSettings/views/editorMenuSettingsEditView.js
info: Aug-09-2022 12:10:35: 	HTTP GET /modules/editor/themeEditor/views/editorThemingView.js
info: Aug-09-2022 12:10:35: 	HTTP GET /modules/editor/menuSettings/views/editorMenuSettingsEditSidebarView.js
info: Aug-09-2022 12:10:35: 	HTTP GET /modules/editor/themeEditor/views/editorThemingSidebarView.js
info: Aug-09-2022 12:10:35: 	HTTP GET /libraries/typeahead.js
info: Aug-09-2022 12:10:35: 	HTTP GET /modules/frameworkImport/views/frameworkImportPluginHeadingView.js
info: Aug-09-2022 12:10:35: 	HTTP GET /modules/frameworkImport/views/frameworkImportPluginView.js
info: Aug-09-2022 12:10:35: 	HTTP GET /modules/globalMenu/views/globalMenuItemView.js
info: Aug-09-2022 12:10:35: 	HTTP GET /modules/pluginManagement/views/pluginTypeView.js
info: Aug-09-2022 12:10:35: 	HTTP GET /modules/projects/views/projectView.js
info: Aug-09-2022 12:10:35: 	HTTP GET /modules/scaffold/models/schemasModel.js
info: Aug-09-2022 12:10:35: 	HTTP GET /core/collections/contentCollection.js
info: Aug-09-2022 12:10:35: 	HTTP GET /modules/assetManagement/views/assetManagementModalView.js
info: Aug-09-2022 12:10:35: 	HTTP GET /libraries/spectrum/spectrum.js
info: Aug-09-2022 12:10:35: 	HTTP GET /libraries/backbone-forms-lists.js
info: Aug-09-2022 12:10:35: 	HTTP GET /modules/sidebar/views/sidebarFilterView.js
info: Aug-09-2022 12:10:35: 	HTTP GET /modules/userManagement/models/userModel.js
info: Aug-09-2022 12:10:35: 	HTTP GET /modules/userManagement/views/userView.js
info: Aug-09-2022 12:10:35: 	HTTP GET /modules/userManagement/views/filterView.js
info: Aug-09-2022 12:10:35: 	HTTP GET /modules/assetManagement/views/assetManagementItemView.js
info: Aug-09-2022 12:10:35: 	HTTP GET /modules/sidebar/views/sidebarFieldsetFilterView.js
info: Aug-09-2022 12:10:35: 	HTTP GET /core/models/contentModel.js
info: Aug-09-2022 12:10:35: 	HTTP GET /modules/editor/global/views/editorOriginView.js
info: Aug-09-2022 12:10:35: 	HTTP GET /modules/editor/contentObject/views/editorMenuView.js
info: Aug-09-2022 12:10:35: 	HTTP GET /modules/editor/contentObject/views/editorPageView.js
info: Aug-09-2022 12:10:35: 	HTTP GET /modules/editor/menuSettings/collections/editorMenuSettingsCollection.js
info: Aug-09-2022 12:10:35: 	HTTP GET /modules/editor/menuSettings/views/editorMenuSettingsView.js
info: Aug-09-2022 12:10:35: 	HTTP GET /modules/editor/themeEditor/collections/editorThemeCollection.js
info: Aug-09-2022 12:10:35: 	HTTP GET /modules/editor/themeEditor/collections/editorPresetCollection.js
info: Aug-09-2022 12:10:36: 	HTTP GET /modules/editor/themeEditor/views/editorPresetEditView.js
info: Aug-09-2022 12:10:36: 	HTTP GET /modules/editor/themeEditor/models/editorPresetModel.js
info: Aug-09-2022 12:10:36: 	HTTP GET /modules/assetManagement/views/assetManagementModalAutofillView.js
info: Aug-09-2022 12:10:36: 	HTTP GET /modules/assetManagement/views/assetManagementModalFiltersView.js
info: Aug-09-2022 12:10:36: 	HTTP GET /libraries/pikaday/js/pikaday.js
info: Aug-09-2022 12:10:36: 	HTTP GET /modules/editor/contentObject/views/editorMenuLayerView.js
info: Aug-09-2022 12:10:36: 	HTTP GET /modules/editor/contentObject/views/editorMenuItemView.js
info: Aug-09-2022 12:10:36: 	HTTP GET /modules/editor/contentObject/views/editorPageArticleView.js
info: Aug-09-2022 12:10:36: 	HTTP GET /modules/editor/global/views/editorPasteZoneView.js
info: Aug-09-2022 12:10:36: 	HTTP GET /modules/editor/themeEditor/models/editorModel.js
info: Aug-09-2022 12:10:36: 	HTTP GET /modules/assetManagement/views/assetManagementModalTagsView.js
info: Aug-09-2022 12:10:36: 	HTTP GET /modules/assetManagement/views/assetManagementModalNewAssetView.js
info: Aug-09-2022 12:10:36: 	HTTP GET /modules/editor/contentObject/views/editorPageBlockView.js
info: Aug-09-2022 12:10:36: 	HTTP GET /modules/editor/contentObject/views/editorPageComponentPasteZoneView.js
info: Aug-09-2022 12:10:36: 	HTTP GET /modules/editor/contentObject/views/editorPageComponentListView.js
info: Aug-09-2022 12:10:36: 	HTTP GET /modules/editor/contentObject/views/editorPageComponentView.js
info: Aug-09-2022 12:10:36: 	HTTP GET /modules/editor/contentObject/views/editorPageComponentListItemView.js
info: Aug-09-2022 12:10:36: 	HTTP GET /plugins/plugins.js
info: Aug-09-2022 12:10:36: 	HTTP GET /modules/user/models/sessionModel.js
info: Aug-09-2022 12:10:36: 	HTTP GET /api/authcheck
info: Aug-09-2022 12:10:36: 	HTTP GET /api/content/schema
info: Aug-09-2022 12:10:36: 	HTTP GET /api/componenttype
info: Aug-09-2022 12:10:36: 	HTTP GET /api/extensiontype
info: Aug-09-2022 12:10:36: 	HTTP GET /api/menutype
info: Aug-09-2022 12:10:36: 	HTTP GET /api/tenant
info: Aug-09-2022 12:10:36: 	HTTP GET /api/themetype
info: Aug-09-2022 12:10:36: 	HTTP GET /api/role
info: Aug-09-2022 12:10:36: 	HTTP GET /css/assets/top-bar-1080.jpg
info: Aug-09-2022 12:10:36: 	HTTP GET /api/user
info: Aug-09-2022 12:10:36: 	HTTP GET /font-awesome-4.5.0/fonts/fontawesome-webfont.woff2?v=4.5.0
info: Aug-09-2022 12:10:43: 	HTTP POST /api/role/[object%20Object]/unassign/62de3b5606a5694c10df2281
info: Aug-09-2022 12:10:43: 	HTTP POST /api/role/62da61de104d860404603dbf/assign/62de3b5606a5694c10df2281
info: Aug-09-2022 12:10:43: 	HTTP GET /api/user/62de3b5606a5694c10df2281
info: Aug-09-2022 12:11:21: 	HTTP POST /api/role/[object%20Object]/unassign/62de3b5606a5694c10df2281
info: Aug-09-2022 12:12:28: 	HTTP POST /api/role/62da61de104d860404603dbf/assign/62de3b5606a5694c10df2281
info: Aug-09-2022 12:12:28: 	HTTP GET /api/user/62de3b5606a5694c10df2281
info: Aug-09-2022 12:13:35: 	HTTP DELETE /api/user/62de3b5606a5694c10df2281
info: Aug-09-2022 12:13:48: 	HTTP GET /
info: Aug-09-2022 12:13:48: 	HTTP GET /css/adapt.css
info: Aug-09-2022 12:13:48: 	HTTP GET /font-awesome-4.5.0/css/font-awesome.min.css
info: Aug-09-2022 12:13:48: 	HTTP GET /modernizr.js
info: Aug-09-2022 12:13:48: 	HTTP GET /require.js
info: Aug-09-2022 12:13:48: 	HTTP GET /core/config.js
info: Aug-09-2022 12:13:48: 	HTTP GET /core/app.js
info: Aug-09-2022 12:13:48: 	HTTP GET /css/adapt.css.map
info: Aug-09-2022 12:13:48: 	HTTP GET /css/assets/adapt-learning-logo-outline.png
info: Aug-09-2022 12:13:48: 	HTTP GET /libraries/handlebars.js
info: Aug-09-2022 12:13:48: 	HTTP GET /libraries/ace/ace.js
info: Aug-09-2022 12:13:48: 	HTTP GET /libraries/jquery.js
info: Aug-09-2022 12:13:48: 	HTTP GET /libraries/imageReady.js
info: Aug-09-2022 12:13:48: 	HTTP GET /libraries/inview.js
info: Aug-09-2022 12:13:49: 	HTTP GET /libraries/jquery.form.js
info: Aug-09-2022 12:13:49: 	HTTP GET /libraries/jquery.tagsinput.min.js
info: Aug-09-2022 12:13:49: 	HTTP GET /libraries/jquery-ui.min.js
info: Aug-09-2022 12:13:49: 	HTTP GET /libraries/scrollTo.js
info: Aug-09-2022 12:13:49: 	HTTP GET /libraries/selectize/js/selectize.js
info: Aug-09-2022 12:13:49: 	HTTP GET /libraries/sweetalert.min.js
info: Aug-09-2022 12:13:49: 	HTTP GET /libraries/velocity.js
info: Aug-09-2022 12:13:49: 	HTTP GET /css/assets/favicon.png
info: Aug-09-2022 12:13:49: 	HTTP GET /core/origin.js
info: Aug-09-2022 12:13:49: 	HTTP GET /core/router.js
info: Aug-09-2022 12:13:49: 	HTTP GET /core/constants.js
info: Aug-09-2022 12:13:49: 	HTTP GET /core/helpers.js
info: Aug-09-2022 12:13:49: 	HTTP GET /core/permissions.js
info: Aug-09-2022 12:13:49: 	HTTP GET /core/l10n.js
info: Aug-09-2022 12:13:49: 	HTTP GET /templates/templates.js
info: Aug-09-2022 12:13:49: 	HTTP GET /libraries/underscore.js
info: Aug-09-2022 12:13:49: 	HTTP GET /libraries/polyglot.min.js
info: Aug-09-2022 12:13:49: 	HTTP GET /libraries/moment.min.js
info: Aug-09-2022 12:13:49: 	HTTP GET /libraries/backbone.js
info: Aug-09-2022 12:13:50: 	HTTP GET /config/config.json
info: Aug-09-2022 12:13:50: 	HTTP GET /lang/en
info: Aug-09-2022 12:13:50: 	HTTP GET /modules/modules.js
info: Aug-09-2022 12:13:50: 	HTTP GET /modules/actions/index.js
info: Aug-09-2022 12:13:50: 	HTTP GET /modules/assetManagement/index.js
info: Aug-09-2022 12:13:50: 	HTTP GET /modules/browserStorage/index.js
info: Aug-09-2022 12:13:50: 	HTTP GET /modules/colorLabel/index.js
info: Aug-09-2022 12:13:50: 	HTTP GET /modules/contentPane/index.js
info: Aug-09-2022 12:13:50: 	HTTP GET /modules/contextMenu/index.js
info: Aug-09-2022 12:13:50: 	HTTP GET /modules/editor/index.js
info: Aug-09-2022 12:13:50: 	HTTP GET /modules/filters/index.js
info: Aug-09-2022 12:13:50: 	HTTP GET /modules/frameworkImport/index.js
info: Aug-09-2022 12:13:50: 	HTTP GET /modules/globalMenu/index.js
info: Aug-09-2022 12:13:50: 	HTTP GET /modules/location/index.js
info: Aug-09-2022 12:13:50: 	HTTP GET /modules/help/index.js
info: Aug-09-2022 12:13:50: 	HTTP GET /modules/modal/index.js
info: Aug-09-2022 12:13:50: 	HTTP GET /modules/navigation/index.js
info: Aug-09-2022 12:13:50: 	HTTP GET /modules/notify/index.js
info: Aug-09-2022 12:13:50: 	HTTP GET /modules/options/index.js
info: Aug-09-2022 12:13:50: 	HTTP GET /modules/pluginManagement/index.js
info: Aug-09-2022 12:13:50: 	HTTP GET /modules/projects/index.js
info: Aug-09-2022 12:13:50: 	HTTP GET /modules/scaffold/index.js
info: Aug-09-2022 12:13:50: 	HTTP GET /modules/sidebar/index.js
info: Aug-09-2022 12:13:50: 	HTTP GET /modules/user/index.js
info: Aug-09-2022 12:13:50: 	HTTP GET /modules/userManagement/index.js
info: Aug-09-2022 12:13:50: 	HTTP GET /modules/actions/views/actionsView.js
info: Aug-09-2022 12:13:50: 	HTTP GET /modules/assetManagement/collections/assetCollection.js
info: Aug-09-2022 12:13:50: 	HTTP GET /modules/assetManagement/views/assetManagementNewAssetView.js
info: Aug-09-2022 12:13:50: 	HTTP GET /modules/assetManagement/views/assetManagementNewAssetSidebarView.js
info: Aug-09-2022 12:13:50: 	HTTP GET /modules/assetManagement/views/assetManagementSidebarView.js
info: Aug-09-2022 12:13:50: 	HTTP GET /modules/assetManagement/views/assetManagementView.js
info: Aug-09-2022 12:13:50: 	HTTP GET /modules/assetManagement/models/assetModel.js
info: Aug-09-2022 12:13:50: 	HTTP GET /core/collections/tagsCollection.js
info: Aug-09-2022 12:13:50: 	HTTP GET /modules/colorLabel/models/colors.js
info: Aug-09-2022 12:13:50: 	HTTP GET /modules/colorLabel/views/colorLabelPopupView.js
info: Aug-09-2022 12:13:50: 	HTTP GET /modules/contentPane/views/contentPaneView.js
info: Aug-09-2022 12:13:50: 	HTTP GET /modules/contextMenu/views/contextMenuView.js
info: Aug-09-2022 12:13:50: 	HTTP GET /modules/editor/global/editorDataLoader.js
info: Aug-09-2022 12:13:50: 	HTTP GET /modules/editor/article/index.js
info: Aug-09-2022 12:13:50: 	HTTP GET /modules/editor/block/index.js
info: Aug-09-2022 12:13:50: 	HTTP GET /modules/editor/component/index.js
info: Aug-09-2022 12:13:50: 	HTTP GET /modules/editor/config/index.js
info: Aug-09-2022 12:13:50: 	HTTP GET /modules/editor/contentObject/index.js
info: Aug-09-2022 12:13:50: 	HTTP GET /modules/editor/extensions/index.js
info: Aug-09-2022 12:13:50: 	HTTP GET /modules/editor/course/index.js
info: Aug-09-2022 12:13:50: 	HTTP GET /modules/editor/menuSettings/index.js
info: Aug-09-2022 12:13:50: 	HTTP GET /modules/filters/views/typeAheadView.js
info: Aug-09-2022 12:13:50: 	HTTP GET /modules/editor/themeEditor/index.js
info: Aug-09-2022 12:13:50: 	HTTP GET /modules/globalMenu/views/globalMenuView.js
info: Aug-09-2022 12:13:50: 	HTTP GET /modules/frameworkImport/views/frameworkImportSidebarView.js
info: Aug-09-2022 12:13:50: 	HTTP GET /modules/frameworkImport/views/frameworkImportView.js
info: Aug-09-2022 12:13:50: 	HTTP GET /modules/modal/views/modalView.js
info: Aug-09-2022 12:13:50: 	HTTP GET /modules/location/views/locationTitleView.js
info: Aug-09-2022 12:13:51: 	HTTP GET /modules/navigation/views/navigationView.js
info: Aug-09-2022 12:13:51: 	HTTP GET /modules/notify/plugins/alert/index.js
info: Aug-09-2022 12:13:51: 	HTTP GET /modules/notify/plugins/console/index.js
info: Aug-09-2022 12:13:51: 	HTTP GET /modules/notify/plugins/snackbar/index.js
info: Aug-09-2022 12:13:51: 	HTTP GET /modules/pluginManagement/views/pluginManagementUploadView.js
info: Aug-09-2022 12:13:51: 	HTTP GET /modules/options/views/optionsView.js
info: Aug-09-2022 12:13:51: 	HTTP GET /modules/pluginManagement/views/pluginManagementView.js
info: Aug-09-2022 12:13:51: 	HTTP GET /modules/pluginManagement/views/pluginManagementSidebarView.js
info: Aug-09-2022 12:13:51: 	HTTP GET /modules/pluginManagement/views/pluginManagementUploadSidebarView.js
info: Aug-09-2022 12:13:51: 	HTTP GET /modules/projects/views/projectsView.js
info: Aug-09-2022 12:13:51: 	HTTP GET /modules/projects/views/projectsSidebarView.js
info: Aug-09-2022 12:13:51: 	HTTP GET /modules/projects/collections/sharedProjectCollection.js
info: Aug-09-2022 12:13:51: 	HTTP GET /modules/projects/collections/myProjectCollection.js
info: Aug-09-2022 12:13:51: 	HTTP GET /modules/scaffold/views/scaffoldAssetView.js
info: Aug-09-2022 12:13:51: 	HTTP GET /modules/scaffold/schemas.js
info: Aug-09-2022 12:13:51: 	HTTP GET /modules/scaffold/backboneFormsOverrides.js
info: Aug-09-2022 12:13:51: 	HTTP GET /modules/scaffold/views/scaffoldColourPickerView.js
info: Aug-09-2022 12:13:51: 	HTTP GET /modules/scaffold/views/scaffoldAssetItemView.js
info: Aug-09-2022 12:13:51: 	HTTP GET /modules/scaffold/views/scaffoldCodeEditorView.js
info: Aug-09-2022 12:13:51: 	HTTP GET /modules/scaffold/views/scaffoldDisplayTitleView.js
info: Aug-09-2022 12:13:51: 	HTTP GET /modules/scaffold/views/scaffoldListView.js
info: Aug-09-2022 12:13:51: 	HTTP GET /modules/scaffold/views/scaffoldItemsModalView.js
info: Aug-09-2022 12:13:51: 	HTTP GET /modules/sidebar/views/sidebarView.js
info: Aug-09-2022 12:13:51: 	HTTP GET /modules/scaffold/views/scaffoldTagsView.js
info: Aug-09-2022 12:13:51: 	HTTP GET /modules/scaffold/views/scaffoldUsersView.js
info: Aug-09-2022 12:13:51: 	HTTP GET /modules/user/views/userProfileSidebarView.js
info: Aug-09-2022 12:13:51: 	HTTP GET /modules/user/views/loginView.js
info: Aug-09-2022 12:13:51: 	HTTP GET /modules/user/views/userProfileView.js
info: Aug-09-2022 12:13:51: 	HTTP GET /modules/user/views/forgotPasswordView.js
info: Aug-09-2022 12:13:51: 	HTTP GET /modules/user/views/resetPasswordView.js
info: Aug-09-2022 12:13:51: 	HTTP GET /modules/user/models/userProfileModel.js
info: Aug-09-2022 12:13:51: 	HTTP GET /modules/userManagement/views/userManagementView.js
info: Aug-09-2022 12:13:51: 	HTTP GET /modules/user/models/userPasswordResetModel.js
info: Aug-09-2022 12:13:51: 	HTTP GET /modules/userManagement/views/userManagementSidebarView.js
info: Aug-09-2022 12:13:51: 	HTTP GET /modules/userManagement/views/addUserView.js
info: Aug-09-2022 12:13:51: 	HTTP GET /modules/userManagement/helpers.js
info: Aug-09-2022 12:13:51: 	HTTP GET /modules/userManagement/views/addUserSidebarView.js
info: Aug-09-2022 12:13:51: 	HTTP GET /modules/userManagement/collections/userCollection.js
info: Aug-09-2022 12:13:51: 	HTTP GET /modules/sidebar/views/sidebarItemView.js
info: Aug-09-2022 12:13:51: 	HTTP GET /core/views/originView.js
info: Aug-09-2022 12:13:51: 	HTTP GET /modules/assetManagement/views/assetManagementPreviewView.js
info: Aug-09-2022 12:13:51: 	HTTP GET /modules/assetManagement/views/assetManagementCollectionView.js
info: Aug-09-2022 12:13:51: 	HTTP GET /libraries/backbone-forms.js
info: Aug-09-2022 12:13:51: 	HTTP GET /modules/editor/global/helpers.js
info: Aug-09-2022 12:13:51: 	HTTP GET /modules/contextMenu/views/contextMenuItemView.js
info: Aug-09-2022 12:13:51: 	HTTP GET /core/models/articleModel.js
info: Aug-09-2022 12:13:51: 	HTTP GET /modules/editor/article/views/editorArticleEditView.js
info: Aug-09-2022 12:13:51: 	HTTP GET /modules/editor/article/views/editorArticleEditSidebarView.js
info: Aug-09-2022 12:13:51: 	HTTP GET /core/models/clipboardModel.js
info: Aug-09-2022 12:13:51: 	HTTP GET /core/models/courseAssetModel.js
info: Aug-09-2022 12:13:51: 	HTTP GET /core/models/componentTypeModel.js
info: Aug-09-2022 12:13:51: 	HTTP GET /core/models/configModel.js
info: Aug-09-2022 12:13:51: 	HTTP GET /core/models/extensionTypeModel.js
info: Aug-09-2022 12:13:51: 	HTTP GET /core/models/courseModel.js
info: Aug-09-2022 12:13:51: 	HTTP GET /modules/editor/global/collections/editorCollection.js
info: Aug-09-2022 12:13:51: 	HTTP GET /core/models/menuTypeModel.js
info: Aug-09-2022 12:13:51: 	HTTP GET /core/models/themeTypeModel.js
info: Aug-09-2022 12:13:51: 	HTTP GET /core/models/blockModel.js
info: Aug-09-2022 12:13:51: 	HTTP GET /modules/editor/block/views/editorBlockEditView.js
info: Aug-09-2022 12:13:51: 	HTTP GET /modules/editor/block/views/editorBlockEditSidebarView.js
info: Aug-09-2022 12:13:51: 	HTTP GET /core/models/componentModel.js
info: Aug-09-2022 12:13:51: 	HTTP GET /modules/editor/component/views/editorComponentEditSidebarView.js
info: Aug-09-2022 12:13:51: 	HTTP GET /modules/editor/component/views/editorComponentEditView.js
info: Aug-09-2022 12:13:51: 	HTTP GET /modules/editor/config/views/editorConfigEditView.js
info: Aug-09-2022 12:13:51: 	HTTP GET /core/models/contentObjectModel.js
info: Aug-09-2022 12:13:51: 	HTTP GET /modules/editor/config/views/editorConfigEditSidebarView.js
info: Aug-09-2022 12:13:51: 	HTTP GET /modules/editor/contentObject/views/editorMenuSidebarView.js
info: Aug-09-2022 12:13:51: 	HTTP GET /modules/editor/contentObject/views/editorPageEditView.js
info: Aug-09-2022 12:13:51: 	HTTP GET /modules/editor/contentObject/views/editorPageSidebarView.js
info: Aug-09-2022 12:13:51: 	HTTP GET /modules/editor/contentObject/views/editorPageEditSidebarView.js
info: Aug-09-2022 12:13:51: 	HTTP GET /modules/editor/extensions/views/editorExtensionsEditSidebarView.js
info: Aug-09-2022 12:13:52: 	HTTP GET /modules/editor/global/views/editorView.js
info: Aug-09-2022 12:13:52: 	HTTP GET /modules/editor/extensions/views/editorExtensionsEditView.js
info: Aug-09-2022 12:13:52: 	HTTP GET /modules/editor/course/views/editorCourseEditView.js
info: Aug-09-2022 12:13:52: 	HTTP GET /modules/editor/course/views/editorCourseEditSidebarView.js
info: Aug-09-2022 12:13:52: 	HTTP GET /modules/editor/menuSettings/views/editorMenuSettingsEditView.js
info: Aug-09-2022 12:13:52: 	HTTP GET /libraries/typeahead.js
info: Aug-09-2022 12:13:52: 	HTTP GET /modules/editor/menuSettings/views/editorMenuSettingsEditSidebarView.js
info: Aug-09-2022 12:13:52: 	HTTP GET /modules/editor/themeEditor/views/editorThemingView.js
info: Aug-09-2022 12:13:52: 	HTTP GET /modules/editor/themeEditor/views/editorThemingSidebarView.js
info: Aug-09-2022 12:13:52: 	HTTP GET /modules/frameworkImport/views/frameworkImportPluginHeadingView.js
info: Aug-09-2022 12:13:52: 	HTTP GET /modules/globalMenu/views/globalMenuItemView.js
info: Aug-09-2022 12:13:52: 	HTTP GET /modules/pluginManagement/views/pluginTypeView.js
info: Aug-09-2022 12:13:52: 	HTTP GET /modules/frameworkImport/views/frameworkImportPluginView.js
info: Aug-09-2022 12:13:52: 	HTTP GET /modules/projects/views/projectView.js
info: Aug-09-2022 12:13:52: 	HTTP GET /core/collections/contentCollection.js
info: Aug-09-2022 12:13:52: 	HTTP GET /modules/assetManagement/views/assetManagementModalView.js
info: Aug-09-2022 12:13:52: 	HTTP GET /modules/scaffold/models/schemasModel.js
info: Aug-09-2022 12:13:52: 	HTTP GET /modules/userManagement/models/userModel.js
info: Aug-09-2022 12:13:52: 	HTTP GET /libraries/spectrum/spectrum.js
info: Aug-09-2022 12:13:52: 	HTTP GET /modules/sidebar/views/sidebarFilterView.js
info: Aug-09-2022 12:13:52: 	HTTP GET /modules/userManagement/views/userView.js
info: Aug-09-2022 12:13:52: 	HTTP GET /modules/userManagement/views/filterView.js
info: Aug-09-2022 12:13:52: 	HTTP GET /modules/sidebar/views/sidebarFieldsetFilterView.js
info: Aug-09-2022 12:13:52: 	HTTP GET /modules/assetManagement/views/assetManagementItemView.js
info: Aug-09-2022 12:13:52: 	HTTP GET /core/models/contentModel.js
info: Aug-09-2022 12:13:52: 	HTTP GET /libraries/backbone-forms-lists.js
info: Aug-09-2022 12:13:52: 	HTTP GET /modules/editor/contentObject/views/editorPageView.js
info: Aug-09-2022 12:13:52: 	HTTP GET /modules/editor/global/views/editorOriginView.js
info: Aug-09-2022 12:13:52: 	HTTP GET /modules/editor/contentObject/views/editorMenuView.js
info: Aug-09-2022 12:13:52: 	HTTP GET /modules/editor/menuSettings/collections/editorMenuSettingsCollection.js
info: Aug-09-2022 12:13:52: 	HTTP GET /modules/editor/menuSettings/views/editorMenuSettingsView.js
info: Aug-09-2022 12:13:52: 	HTTP GET /modules/editor/themeEditor/collections/editorThemeCollection.js
info: Aug-09-2022 12:13:52: 	HTTP GET /modules/editor/themeEditor/views/editorPresetEditView.js
info: Aug-09-2022 12:13:52: 	HTTP GET /modules/editor/themeEditor/collections/editorPresetCollection.js
info: Aug-09-2022 12:13:52: 	HTTP GET /modules/editor/themeEditor/models/editorPresetModel.js
info: Aug-09-2022 12:13:52: 	HTTP GET /modules/assetManagement/views/assetManagementModalFiltersView.js
info: Aug-09-2022 12:13:52: 	HTTP GET /modules/assetManagement/views/assetManagementModalAutofillView.js
info: Aug-09-2022 12:13:52: 	HTTP GET /libraries/pikaday/js/pikaday.js
info: Aug-09-2022 12:13:52: 	HTTP GET /modules/editor/contentObject/views/editorPageArticleView.js
info: Aug-09-2022 12:13:52: 	HTTP GET /modules/editor/global/views/editorPasteZoneView.js
info: Aug-09-2022 12:13:52: 	HTTP GET /modules/editor/contentObject/views/editorMenuLayerView.js
info: Aug-09-2022 12:13:52: 	HTTP GET /modules/editor/contentObject/views/editorMenuItemView.js
info: Aug-09-2022 12:13:52: 	HTTP GET /modules/editor/themeEditor/models/editorModel.js
info: Aug-09-2022 12:13:52: 	HTTP GET /modules/assetManagement/views/assetManagementModalTagsView.js
info: Aug-09-2022 12:13:52: 	HTTP GET /modules/assetManagement/views/assetManagementModalNewAssetView.js
info: Aug-09-2022 12:13:52: 	HTTP GET /modules/editor/contentObject/views/editorPageBlockView.js
info: Aug-09-2022 12:13:52: 	HTTP GET /modules/editor/contentObject/views/editorPageComponentView.js
info: Aug-09-2022 12:13:52: 	HTTP GET /modules/editor/contentObject/views/editorPageComponentPasteZoneView.js
info: Aug-09-2022 12:13:52: 	HTTP GET /modules/editor/contentObject/views/editorPageComponentListView.js
info: Aug-09-2022 12:13:52: 	HTTP GET /modules/editor/contentObject/views/editorPageComponentListItemView.js
info: Aug-09-2022 12:13:52: 	HTTP GET /plugins/plugins.js
info: Aug-09-2022 12:13:53: 	HTTP GET /modules/user/models/sessionModel.js
info: Aug-09-2022 12:13:53: 	HTTP GET /api/authcheck
info: Aug-09-2022 12:13:53: 	HTTP GET /api/content/schema
info: Aug-09-2022 12:13:54: 	HTTP GET /api/componenttype
info: Aug-09-2022 12:13:54: 	HTTP GET /api/tenant
info: Aug-09-2022 12:13:54: 	HTTP GET /api/extensiontype
info: Aug-09-2022 12:13:54: 	HTTP GET /api/menutype
info: Aug-09-2022 12:13:54: 	HTTP GET /api/themetype
info: Aug-09-2022 12:13:54: 	HTTP GET /api/role
info: Aug-09-2022 12:13:54: 	HTTP GET /api/user
info: Aug-09-2022 12:13:54: 	HTTP GET /css/assets/top-bar-1080.jpg
info: Aug-09-2022 12:13:54: 	HTTP GET /font-awesome-4.5.0/fonts/fontawesome-webfont.woff2?v=4.5.0
info: Aug-09-2022 12:14:02: 	HTTP GET /css/assets/favicon.png
info: Aug-09-2022 12:14:20: 	HTTP POST /api/user
info: Aug-09-2022 12:14:21: 	HTTP POST /api/role/62da61de104d860404603dbd/unassign/62f202448eaacb0774ca2222
info: Aug-09-2022 12:14:21: 	HTTP POST /api/role/62da61de104d860404603dbe/assign/62f202448eaacb0774ca2222
info: Aug-09-2022 12:14:21: 	HTTP GET /css/assets/favicon.png
info: Aug-09-2022 12:14:21: 	HTTP GET /api/user
info: Aug-09-2022 12:15:32: 	HTTP GET /css/assets/favicon.png
info: Aug-09-2022 12:15:32: 	HTTP GET /api/autocomplete/tag
info: Aug-09-2022 12:15:32: 	HTTP GET /api/asset/query?operators%5Bskip%5D=0&operators%5Blimit%5D=1&operators%5Bsort%5D%5BcreatedAt%5D=-1
info: Aug-09-2022 12:15:32: 	HTTP GET /api/asset/query?operators%5Bskip%5D=0&operators%5Blimit%5D=6&operators%5Bsort%5D%5BcreatedAt%5D=-1
info: Aug-09-2022 12:15:36: 	HTTP PUT /api/asset/restore/62f1037663bfc87e20757ec7
info: Aug-09-2022 12:15:49: 	HTTP PUT /api/asset/trash/62f1037663bfc87e20757ec7
info: Aug-09-2022 12:15:55: 	HTTP PUT /api/asset/restore/62f1037663bfc87e20757ec7
info: Aug-09-2022 12:15:56: 	HTTP GET /css/assets/favicon.png
info: Aug-09-2022 12:15:56: 	HTTP GET /api/asset/62f1037663bfc87e20757ec7
info: Aug-09-2022 12:16:03: 	HTTP PUT /api/asset/62f1037663bfc87e20757ec7
info: Aug-09-2022 12:16:04: 	HTTP GET /css/assets/favicon.png
info: Aug-09-2022 12:16:04: 	HTTP GET /api/autocomplete/tag
info: Aug-09-2022 12:16:04: 	HTTP GET /api/asset/query?operators%5Bskip%5D=0&operators%5Blimit%5D=1&operators%5Bsort%5D%5BcreatedAt%5D=-1
info: Aug-09-2022 12:16:04: 	HTTP GET /api/asset/query?operators%5Bskip%5D=0&operators%5Blimit%5D=6&operators%5Bsort%5D%5BcreatedAt%5D=-1
info: Aug-09-2022 12:16:23: 	HTTP GET /api/extensiontype
info: Aug-09-2022 12:16:23: 	HTTP GET /css/assets/favicon.png
info: Aug-09-2022 12:16:26: 	HTTP GET /css/assets/favicon.png
info: Aug-09-2022 12:16:29: 	HTTP GET /css/assets/favicon.png
info: Aug-09-2022 12:16:29: 	HTTP GET /api/extensiontype
info: Aug-09-2022 12:16:36: 	HTTP GET /api/asset/query?operators%5Bskip%5D=0&operators%5Blimit%5D=6&operators%5Bsort%5D%5BcreatedAt%5D=-1
info: Aug-09-2022 12:16:36: 	HTTP GET /api/asset/query?operators%5Bskip%5D=0&operators%5Blimit%5D=6&operators%5Bsort%5D%5BcreatedAt%5D=-1
info: Aug-09-2022 12:16:36: 	HTTP GET /api/asset/query?operators%5Bskip%5D=0&operators%5Blimit%5D=NaN&operators%5Bsort%5D%5BcreatedAt%5D=-1
info: Aug-09-2022 12:16:36: 	HTTP GET /api/asset/query?operators%5Bskip%5D=0&operators%5Blimit%5D=NaN&operators%5Bsort%5D%5BcreatedAt%5D=-1
info: Aug-09-2022 12:16:37: 	HTTP GET /css/assets/favicon.png
info: Aug-09-2022 12:16:38: 	HTTP GET /css/assets/favicon.png
info: Aug-09-2022 12:16:38: 	HTTP GET /api/extensiontype
